www-project-security-integration-system
www-project-amass
www-project-devsecops-maturity-model
www-project-pytm
www-project-patton
www-project-little-web-application-firewall
www-project-damn-vulnerable-crypto-wallet
www-project-security-busters
www-project-best-practices-in-vulnerability-disclosure-and-bug-bounty-programs
www-project-attack-surface-detector
www-project-software-component-verification-standard
www-project-threatspec
www-project-vulnerability-management-guide
www-project-docker-top-10
www-project-information-security-metrics-bank
www-project-software-security-5d-framework
www-project-container-security-verification-standard
www-project-find-security-bugs
www-project-maryam
www-project-cloud-native-application-security-top-10
www-project-lock-it
www-project-threat-model-cookbook
www-project-iot-analytics-4industry4
www-project-application-security-curriculum
www-project-software-composition-security
www-project-d4n155
www-project-secure-coding-dojo
www-project-jupiter
www-project-go-secure-coding-practices-guide
www-project-serverless-goat
www-project-revelo
www-project-sedated
www-project-top-10-card-game
www-project-vulnerable-web-application
www-project-wpbullet
www-project-voice-automated-application-security
www-project-cloud-security-mentor
www-project-risk-assessment-framework
www-project-machine-learning-security-top-10
www-project-glue-tool
www-project-cloud-security
www-project-online-academy
www-project-qrljacker
www-project-samuraiwtf
www-project-php
www-project-enterprise-security-api
www-project-api-security
www-project-nettacker
www-project-zezengorri-code
www-project-learning-gateway
www-project-seclists
www-project-security-pins
www-project-serverless-top-10
www-project-blockchain-security-framework
www-project-security-shepherd
www-project-owtf
www-project-application-security-verification-standard
www-project-top-ten
www-project-code-review-guide
www-project-webgoat
www-project-cheat-sheets
www-project-csrfguard
www-project-modsecurity-core-rule-set
www-project-samm
www-project-testing
www-project-proactive-controls
www-project-hackademic-challenges
www-project-ende
www-project-o2-platform
www-project-security-knowledge-framework
www-project-top-10-privacy-risks
www-project-secure-coding-practices-quick-reference-guide
www-project-passfault
www-project-java-encoder
www-project-igoat-tool
www-project-rfp-criteria
www-project-web-testing-environment
www-project-appsensor
www-project-json-sanitizer
www-project-java-html-sanitizer
www-project-university-challenge
www-project-wafec
www-project-hacking-lab
www-project-bug-logging-tool
www-project-cornucopia
www-project-top-10-fuer-entwickler
www-project-juice-shop
www-project-media
www-project-dependency-track
www-project-webgoat-php
www-project-vulnerable-web-applications-directory
www-project-benchmark
www-project-node.js-goat
www-project-automated-threats-to-web-applications
www-project-belva
www-project-rat
www-project-zsc-tool
www-project-defectdojo
www-project-security-logging
www-project-threat-dragon
www-project-game-security-framework
www-project-webspa
www-project-student-chapters
www-project-off-the-record-4-java
www-project-web-mapper
www-project-deepviolet-tls/ssl-scanner
www-project-vbscan
www-project-speakers
www-project-internet-of-things-top-10
www-project-education
www-project-code-pulse
www-project-secure-medical-device-deployment-standard
www-project-jotp
www-project-incident-response
www-project-pyttacker
www-project-appsec-pipeline
www-project-risk-rating-management
www-project-secure-headers
www-project-php-security-training
www-project-mobile-security-testing-guide
www-project-mth3l3m3nt-framework
www-project-seraphimdroid
www-project-o-saft
www-project-reverse-engineering-and-code-modification-prevention
www-project-snakes-and-ladders
www-project-python-security
www-project-knowledge-based-authentication-performance-metrics
www-project-dependency-check
www-project-web-application-security-quick-reference-guide
www-project-anti-ransomware-guide
www-project-embedded-application-security
www-project-podcast
www-project-broken-web-applications
www-project-virtual-patching-best-practices
www-project-vicnum
www-project-ctf
www-project-.net
www-project-mobile-security
www-project-python-honeypot
www-project-dvsa
www-project-cloud-testing-guide
www-project-intelligent-intrusion-detection-system
www-project-auth
www-project-securecodebox
www-chapter-space-coast
www-chapter-nagoya
www-chapter-lome
www-chapter-worcestershire
www-chapter-barranquilla
www-chapter-dnipro
www-chapter-cape-coast
www-chapter-tegucigalpa
www-chapter-south-sweden
www-chapter-seoul
www-chapter-amman
www-chapter-san-pedro-sula
www-chapter-syracuse
www-chapter-guayaquil
www-chapter-nainital
www-chapter-hereford
www-chapter-sibiu
www-chapter-st.-george
www-chapter-halifax
www-chapter-huntington
www-chapter-cairo
www-chapter-ghana
www-chapter-morocco
www-chapter-johannesburg
www-chapter-tunisia
www-chapter-burkina-faso
www-chapter-nigeria
www-chapter-tripoli
www-chapter-cotonou
www-chapter-bulawayo
www-chapter-cape-town
www-chapter-albuquerque
www-chapter-kuwait-city
www-chapter-bikaner
www-chapter-mysuru
www-chapter-st.-cloud-state-university
www-chapter-jkpg
www-chapter-kharkiv
www-chapter-las-vegas
www-chapter-meerut
www-chapter-edmonton
www-chapter-montreal
www-chapter-ottawa
www-chapter-quebec-city
www-chapter-toronto
www-chapter-vancouver
www-chapter-riviera-maya
www-chapter-mexicali
www-chapter-patagonia
www-chapter-trinidad-and-tobago
www-chapter-aguascalientes-mexico
www-chapter-argentina
www-chapter-belo-horizonte
www-chapter-bogota
www-chapter-bolivia
www-chapter-brasilia
www-chapter-chile
www-chapter-costa-rica
www-chapter-cuiaba
www-chapter-guatemala
www-chapter-mexico-city
www-chapter-natal
www-chapter-panama-city
www-chapter-peru
www-chapter-recife
www-chapter-rio-de-janeiro
www-chapter-sao-paulo
www-chapter-uruguay
www-chapter-venezuela
www-chapter-vitoria
www-chapter-paraguay
www-chapter-el-salvador
www-chapter-cali
www-chapter-dominican-republic
www-chapter-medellin
www-chapter-kyushu
www-chapter-okinawa
www-chapter-gwalior
www-chapter-hokushinetsu
www-chapter-china-mainland
www-chapter-hong-kong
www-chapter-japan
www-chapter-kolkata
www-chapter-malaysia
www-chapter-nepal
www-chapter-singapore
www-chapter-thailand
www-chapter-jakarta
www-chapter-sendai
www-chapter-indore
www-chapter-fukushima
www-chapter-kansai
www-chapter-natori
www-chapter-da-nang
www-chapter-madurai
www-chapter-bhopal
www-chapter-bilbao
www-chapter-tulsa
www-chapter-dindigul
www-chapter-port-louis
www-chapter-lincoln
www-chapter-copenhagen
www-chapter-santa-barbara
www-chapter-seattle
www-chapter-sioux-falls
www-chapter-south-florida
www-chapter-tampa
www-chapter-northern-virginia
www-chapter-washington-dc
www-chapter-northeastern-university
www-chapter-hampton-roads
www-chapter-oklahoma-city
www-chapter-iowa-city
www-chapter-chattanooga
www-chapter-knoxville
www-chapter-uw-bothell
www-chapter-southern-maryland
www-chapter-little-rock
www-chapter-colorado-springs
www-chapter-brisbane
www-chapter-melbourne
www-chapter-new-zealand
www-chapter-perth
www-chapter-sydney
www-chapter-varanasi
www-chapter-richmond
www-chapter-inland-empire
www-chapter-albany
www-chapter-atlanta
www-chapter-austin
www-chapter-baltimore
www-chapter-bay-area
www-chapter-birmingham-al
www-chapter-boston
www-chapter-boulder
www-chapter-charlotte
www-chapter-chicago
www-chapter-cincinnati
www-chapter-cleveland
www-chapter-columbus
www-chapter-dallas
www-chapter-delaware
www-chapter-denver
www-chapter-detroit
www-chapter-hartford
www-chapter-hawaii
www-chapter-houston
www-chapter-indianapolis
www-chapter-jacksonville
www-chapter-kansas-city
www-chapter-long-island
www-chapter-los-angeles
www-chapter-louisville
www-chapter-madison
www-chapter-maine
www-chapter-memphis
www-chapter-minneapolis-st-paul
www-chapter-nashville
www-chapter-new-jersey-north
www-chapter-new-york-city
www-chapter-omaha
www-chapter-orange-county
www-chapter-orlando
www-chapter-pittsburgh
www-chapter-philadelphia
www-chapter-phoenix
www-chapter-portland
www-chapter-triangle-nc
www-chapter-rhode-island
www-chapter-rochester
www-chapter-sacramento
www-chapter-saint-louis
www-chapter-salt-lake
www-chapter-san-antonio
www-chapter-san-diego
www-chapter-abu-dhabi
www-chapter-surat
www-chapter-bangalore
www-chapter-dhaka
www-chapter-chennai
www-chapter-delhi
www-chapter-hyderabad
www-chapter-iran
www-chapter-islamabad
www-chapter-israel
www-chapter-kerala
www-chapter-mumbai
www-chapter-pune
www-chapter-riyadh
www-chapter-vellore
www-chapter-coimbatore
www-chapter-chandigarh
www-chapter-nagpur
www-chapter-noida
www-chapter-cuttack
www-chapter-kumaun-region
www-chapter-east-sweden
www-chapter-lithuania
www-chapter-cluj
www-chapter-canary-islands
www-chapter-malta
www-chapter-suffolk
www-chapter-armenia
www-chapter-belgium
www-chapter-birmingham-uk
www-chapter-bristol-uk
www-chapter-cambridge
www-chapter-cyprus
www-chapter-czech-republic
www-chapter-aarhus
www-chapter-france
www-chapter-geneva
www-chapter-germany
www-chapter-gothenburg
www-chapter-greece
www-chapter-helsinki
www-chapter-hungary
www-chapter-dublin
www-chapter-italy
www-chapter-latvia
www-chapter-leeds-uk
www-chapter-london
www-chapter-luxembourg
www-chapter-lviv
www-chapter-manchester
www-chapter-netherlands
www-chapter-newcastle-uk
www-chapter-norway
www-chapter-poland
www-chapter-bucharest
www-chapter-scotland
www-chapter-turkey
www-chapter-ukraine
www-chapter-switzerland
www-chapter-tbilisi
www-chapter-north-sweden
www-chapter-timisoara
www-chapter-ankara
www-chapter-stockholm
www-chapter-sofia
www-chapter-sevilla
www-chapter-kyiv
www-chapter-macedonia
www-chapter-cork
www-chapter-odessa
www-chapter-madrid
www-chapter-belfast
www-chapter-dorset
www-chapter-cusco
www-chapter-oakland-county
www-chapter-zaragoza
www-chapter-cartagena
www-chapter-waterloo
www-chapter-letterkenny
www-chapter-vienna
www-chapter-central-pennsylvania
www-chapter-biloxi-gulfport
www-chapter-zhytomyr
www-chapter-quito
www-chapter-almeria
www-chapter-sanaa
www-chapter-miami
www-chapter-warwick
www-chapter-vina-del-mar
www-chapter-nashua
www-chapter-liverpool
www-chapter-doha
www-chapter-marquette
www-chapter-san-fernando-valley
www-chapter-west-delhi
www-project-deepviolet-tls-ssl-scanner
